<?xml version="1.0" encoding="UTF-8"?>
<!-- Generated by org.testng.reporters.JUnitReportReporter -->
<testsuite skipped="0" hostname="HONEYWE-AVAAB14" name="Test.TestPhpTravels" tests="1" failures="0" timestamp="16 Dec 2017 11:04:41 GMT" time="17.420" errors="0">
  <testcase name="testSearchHotels" time="17.420" classname="Test.TestPhpTravels"/>
</testsuite> <!-- Test.TestPhpTravels -->
